In file included from [01m[K/home/dijkd/franka_ws/src/franka_ros/new_controllers/src/first_controller.cpp:1:0[m[K:
[01m[K/home/dijkd/franka_ws/src/franka_ros/new_controllers/include/new_controllers/first_controller.h:26:1:[m[K [01;31m[Kerror: [m[Knew types may not be defined in a return type
 class FirstController : public controller_interface::MultiInterfaceController<
[01;32m[K ^[m[K
[01m[K/home/dijkd/franka_ws/src/franka_ros/new_controllers/include/new_controllers/first_controller.h:26:1:[m[K [01;36m[Knote: [m[K(perhaps a semicolon is missing after the definition of â€˜[01m[Knew_controllers::FirstController[m[Kâ€™)
In file included from [01m[K/opt/ros/kinetic/include/class_loader/class_loader.hpp:41:0[m[K,
                 from [01m[K/opt/ros/kinetic/include/class_loader/class_loader.h:35[m[K,
                 from [01m[K/opt/ros/kinetic/include/pluginlib/class_list_macros.hpp:40[m[K,
                 from [01m[K/opt/ros/kinetic/include/pluginlib/class_list_macros.h:35[m[K,
                 from [01m[K/home/dijkd/franka_ws/src/franka_ros/new_controllers/src/first_controller.cpp:6[m[K:
[01m[K/usr/include/console_bridge/console.h:53:72:[m[K [01;31m[Kerror: [m[Ktwo or more data types in declaration of â€˜[01m[Kconsole_bridge_deprecated[m[Kâ€™
 static inline void CONSOLE_BRIDGE_DEPRECATED console_bridge_deprecated() {}
[01;32m[K                                                                        ^[m[K
[01m[K/home/dijkd/franka_ws/src/franka_ros/new_controllers/src/first_controller.cpp:14:72:[m[K [01;31m[Kerror: [m[Kdefinition of â€˜[01m[Kbool new_controllers::FirstController::init(hardware_interface::RobotHW*, ros::NodeHandle&)[m[Kâ€™ is not in namespace enclosing â€˜[01m[Knew_controllers::FirstController[m[Kâ€™ [-fpermissive]
                                            ros::NodeHandle& node_handle) {
[01;32m[K                                                                        ^[m[K
[01m[K/home/dijkd/franka_ws/src/franka_ros/new_controllers/src/first_controller.cpp:23:57:[m[K [01;31m[Kerror: [m[Kdefinition of â€˜[01m[Kvoid new_controllers::FirstController::starting(const ros::Time&)[m[Kâ€™ is not in namespace enclosing â€˜[01m[Knew_controllers::FirstController[m[Kâ€™ [-fpermissive]
 void FirstController::starting(const ros::Time& /*time*/) {
[01;32m[K                                                         ^[m[K
[01m[K/home/dijkd/franka_ws/src/franka_ros/new_controllers/src/first_controller.cpp:28:73:[m[K [01;31m[Kerror: [m[Kdefinition of â€˜[01m[Kvoid new_controllers::FirstController::update(const ros::Time&, const ros::Duration&)[m[Kâ€™ is not in namespace enclosing â€˜[01m[Knew_controllers::FirstController[m[Kâ€™ [-fpermissive]
                                              const ros::Duration& period) {
[01;32m[K                                                                         ^[m[K
[01m[K/home/dijkd/franka_ws/src/franka_ros/new_controllers/src/first_controller.cpp:[m[K In member function â€˜[01m[Kvirtual void new_controllers::FirstController::update(const ros::Time&, const ros::Duration&)[m[Kâ€™:
[01m[K/home/dijkd/franka_ws/src/franka_ros/new_controllers/src/first_controller.cpp:30:3:[m[K [01;31m[Kerror: [m[Kâ€˜[01m[Ktau_d_saturated[m[Kâ€™ was not declared in this scope
   tau_d_saturated = 0;
[01;32m[K   ^[m[K
[01m[K/home/dijkd/franka_ws/src/franka_ros/new_controllers/src/first_controller.cpp:31:10:[m[K [01;31m[Kerror: [m[Kreturn-statement with a value, in function returning 'void' [-fpermissive]
   return tau_d_saturated;
[01;32m[K          ^[m[K
In file included from [01m[K/opt/ros/kinetic/include/class_loader/class_loader.hpp:45:0[m[K,
                 from [01m[K/opt/ros/kinetic/include/class_loader/class_loader.h:35[m[K,
                 from [01m[K/opt/ros/kinetic/include/pluginlib/class_list_macros.hpp:40[m[K,
                 from [01m[K/opt/ros/kinetic/include/pluginlib/class_list_macros.h:35[m[K,
                 from [01m[K/home/dijkd/franka_ws/src/franka_ros/new_controllers/src/first_controller.cpp:6[m[K:
[01m[K/home/dijkd/franka_ws/src/franka_ros/new_controllers/src/first_controller.cpp:[m[K At global scope:
[01m[K/home/dijkd/franka_ws/src/franka_ros/new_controllers/src/first_controller.cpp:36:41:[m[K [01;31m[Kerror: [m[Kâ€˜[01m[KJointImpedanceExampleController[m[Kâ€™ in namespace â€˜[01m[Knew_controllers::new_controllers[m[Kâ€™ does not name a type
 PLUGINLIB_EXPORT_CLASS(new_controllers::JointImpedanceExampleController,
[01;32m[K                                         ^[m[K
[01m[K/home/dijkd/franka_ws/src/franka_ros/new_controllers/src/first_controller.cpp:[m[K In constructor â€˜[01m[Knew_controllers::{anonymous}::ProxyExec0::ProxyExec0()[m[Kâ€™:
[01m[K/home/dijkd/franka_ws/src/franka_ros/new_controllers/src/first_controller.cpp:36:1:[m[K [01;31m[Kerror: [m[Kâ€˜[01m[K_derived[m[Kâ€™ was not declared in this scope
 PLUGINLIB_EXPORT_CLASS(new_controllers::JointImpedanceExampleController,
[01;32m[K ^[m[K
[01m[K/home/dijkd/franka_ws/src/franka_ros/new_controllers/src/first_controller.cpp:36:1:[m[K [01;31m[Kerror: [m[Kno matching function for call to â€˜[01m[KregisterPlugin(const char [49], const char [37])[m[Kâ€™
 PLUGINLIB_EXPORT_CLASS(new_controllers::JointImpedanceExampleController,
[01;32m[K ^[m[K
In file included from [01m[K/opt/ros/kinetic/include/class_loader/class_loader.hpp:43:0[m[K,
                 from [01m[K/opt/ros/kinetic/include/class_loader/class_loader.h:35[m[K,
                 from [01m[K/opt/ros/kinetic/include/pluginlib/class_list_macros.hpp:40[m[K,
                 from [01m[K/opt/ros/kinetic/include/pluginlib/class_list_macros.h:35[m[K,
                 from [01m[K/home/dijkd/franka_ws/src/franka_ros/new_controllers/src/first_controller.cpp:6[m[K:
[01m[K/opt/ros/kinetic/include/class_loader/class_loader_core.hpp:162:6:[m[K [01;36m[Knote: [m[Kcandidate: template<class Derived, class Base> void new_controllers::class_loader::class_loader_private::registerPlugin(const string&, const string&)
 void registerPlugin(const std::string & class_name, const std::string & base_class_name)
[01;32m[K      ^[m[K
[01m[K/opt/ros/kinetic/include/class_loader/class_loader_core.hpp:162:6:[m[K [01;36m[Knote: [m[K  template argument deduction/substitution failed:
In file included from [01m[K/opt/ros/kinetic/include/class_loader/class_loader.hpp:45:0[m[K,
                 from [01m[K/opt/ros/kinetic/include/class_loader/class_loader.h:35[m[K,
                 from [01m[K/opt/ros/kinetic/include/pluginlib/class_list_macros.hpp:40[m[K,
                 from [01m[K/opt/ros/kinetic/include/pluginlib/class_list_macros.h:35[m[K,
                 from [01m[K/home/dijkd/franka_ws/src/franka_ros/new_controllers/src/first_controller.cpp:6[m[K:
[01m[K/home/dijkd/franka_ws/src/franka_ros/new_controllers/src/first_controller.cpp:36:1:[m[K [01;31m[Kerror: [m[Ktemplate argument 1 is invalid
 PLUGINLIB_EXPORT_CLASS(new_controllers::JointImpedanceExampleController,
[01;32m[K ^[m[K
In file included from [01m[K/opt/ros/kinetic/include/pluginlib/class_list_macros.h:35:0[m[K,
                 from [01m[K/home/dijkd/franka_ws/src/franka_ros/new_controllers/src/first_controller.cpp:6[m[K:
[01m[K/home/dijkd/franka_ws/src/franka_ros/new_controllers/src/first_controller.cpp:[m[K At global scope:
[01m[K/home/dijkd/franka_ws/src/franka_ros/new_controllers/src/first_controller.cpp:36:1:[m[K [01;31m[Kerror: [m[Kexpected â€˜[01m[K}[m[Kâ€™ at end of input
 PLUGINLIB_EXPORT_CLASS(new_controllers::JointImpedanceExampleController,
[01;32m[K ^[m[K
make[2]: *** [CMakeFiles/new_controllers.dir/src/first_controller.cpp.o] Error 1
make[1]: *** [CMakeFiles/new_controllers.dir/all] Error 2
make: *** [all] Error 2
